Watching for file changes with StatReloader
The GOD OF WAR 4 was succesfully added to cart of user test1
/home/arseniy/PycharmProjects/djangoProject/taskmanager/cart/views.py changed, reloading.
Watching for file changes with StatReloader
/home/arseniy/PycharmProjects/djangoProject/taskmanager/users/views.py changed, reloading.
Watching for file changes with StatReloader
/home/arseniy/PycharmProjects/djangoProject/taskmanager/users/views.py changed, reloading.
Watching for file changes with StatReloader
The user : test2 was succesfully added
/home/arseniy/PycharmProjects/djangoProject/taskmanager/users/views.py changed, reloading.
Watching for file changes with StatReloader
The user : test1 was succesfully logged in
The Horizon Zero Dawn was succesfully added to cart of user test1
No hostname was supplied. Reverting to default 'localhost'
The order : 14 was succesfully added, of user test1
Watching for file changes with StatReloader
Watching for file changes with StatReloader
Watching for file changes with StatReloader
Watching for file changes with StatReloader
Watching for file changes with StatReloader
Watching for file changes with StatReloader
Watching for file changes with StatReloader
The CS:GO was succesfully added to cart of user test1
No hostname was supplied. Reverting to default 'localhost'
The order : 15 was succesfully added, of user test1
